#
# There is insufficient memory for the Java Runtime Environment to continue.
# Native memory allocation (mmap) failed to map 264241152 bytes. Error detail: G1 virtual space
# Possible reasons:
#   The system is out of physical RAM or swap space
#   This process is running with CompressedOops enabled, and the Java Heap may be blocking the growth of the native heap
# Possible solutions:
#   Reduce memory load on the system
#   Increase physical memory or swap space
#   Check if swap backing store is full
#   Decrease Java heap size (-Xmx/-Xms)
#   Decrease number of Java threads
#   Decrease Java thread stack sizes (-Xss)
#   Set larger code cache with -XX:ReservedCodeCacheSize=
#   JVM is running with Zero Based Compressed Oops mode in which the Java heap is
#     placed in the first 32GB address space. The Java Heap base address is the
#     maximum limit for the native heap growth. Please use -XX:HeapBaseMinAddress
#     to set the Java Heap base and to place the Java Heap above 32GB virtual address.
# This output file may be truncated or incomplete.
#
#  Out of Memory Error (os_windows.cpp:3925), pid=42296, tid=20088
#
# JRE version:  (21.0.9) (build )
# Java VM: OpenJDK 64-Bit Server VM (21.0.9+-14649483-b1163.86, mixed mode, sharing, tiered, compressed oops, compressed class ptrs, g1 gc, windows-amd64)
# No core dump will be written. Minidumps are not enabled by default on client versions of Windows
#

---------------  S U M M A R Y ------------

Command Line: git4idea.http.GitAskPassApp Password for 'https://kexinooi@github.com': 

Host: Intel(R) Core(TM) i5-14500HX, 20 cores, 15G,  Windows 11 , 64 bit Build 26100 (10.0.26100.8246)
Time: Tue Apr 21 16:16:45 2026 Malay Peninsula Standard Time elapsed time: 1.194220 seconds (0d 0h 0m 1s)

---------------  T H R E A D  ---------------

Current thread (0x000002a094231a10):  JavaThread "Unknown thread" [_thread_in_vm, id=20088, stack(0x000000bc44e00000,0x000000bc44f00000) (1024K)]

Stack: [0x000000bc44e00000,0x000000bc44f00000]
Native frames: (J=compiled Java code, j=interpreted, Vv=VM code, C=native code)
V  [jvm.dll+0x6d6c99]
V  [jvm.dll+0x866b83]
V  [jvm.dll+0x86919e]
V  [jvm.dll+0x869883]
V  [jvm.dll+0x280776]
V  [jvm.dll+0x6d3555]
V  [jvm.dll+0x6c6bea]
V  [jvm.dll+0x3587fb]
V  [jvm.dll+0x360476]
V  [jvm.dll+0x3b2646]
V  [jvm.dll+0x3b2918]
V  [jvm.dll+0x32af0c]
V  [jvm.dll+0x32bbfb]
V  [jvm.dll+0x82e839]
V  [jvm.dll+0x3bf818]
V  [jvm.dll+0x8179d8]
V  [jvm.dll+0x453cbe]
V  [jvm.dll+0x455421]
C  [jli.dll+0x52ab]
C  [ucrtbase.dll+0x37b0]
C  [KERNEL32.DLL+0x2e8d7]
C  [ntdll.dll+0x8c3fc]


---------------  P R O C E S S  ---------------

Threads class SMR info:
_java_thread_list=0x00007fff2830b988, length=0, elements={
}

Java Threads: ( => current thread )
Total: 0

Other Threads:
  0x000002a0967b17a0 WorkerThread "GC Thread#0"                     [id=39360, stack(0x000000bc44f00000,0x000000bc45000000) (1024K)]
  0x000002a0967c2fd0 ConcurrentGCThread "G1 Main Marker"            [id=31460, stack(0x000000bc45000000,0x000000bc45100000) (1024K)]
  0x000002a0967c4270 WorkerThread "G1 Conc#0"                       [id=40628, stack(0x000000bc45100000,0x000000bc45200000) (1024K)]

[error occurred during error reporting (printing all threads), id 0xc0000005, EXCEPTION_ACCESS_VIOLATION (0xc0000005) at pc=0x00007fff27afdee7]
VM state: not at safepoint (not fully initialized)

VM Mutex/Monitor currently owned by a thread:  ([mutex/lock_event])
[0x00007fff28378790] Heap_lock - owner thread: 0x000002a094231a10

Heap address: 0x0000000704800000, size: 4024 MB, Compressed Oops mode: Zero based, Oop shift amount: 3

CDS archive(s) mapped at: [0x0000000000000000-0x0000000000000000-0x0000000000000000), size 0, SharedBaseAddress: 0x0000000800000000, ArchiveRelocationMode: 1.
Narrow klass base: 0x0000000000000000, Narrow klass shift: 0, Narrow klass range: 0x0

GC Precious Log:
 CardTable entry size: 512
 Card Set container configuration: InlinePtr #cards 4 size 8 Array Of Cards #cards 16 size 48 Howl #buckets 8 coarsen threshold 3686 Howl Bitmap #cards 512 size 80 coarsen threshold 460 Card regions per heap region 1 cards per card region 4096

Heap:
 garbage-first heap   total 0K, used 0K [0x0000000704800000, 0x0000000800000000)
  region size 2048K, 0 young (0K), 0 survivors (0K)
 Metaspace       used 0K, committed 0K, reserved 0K
  class space    used 0K, committed 0K, reserved 0K

Heap Regions: E=young(eden), S=young(survivor), O=old, HS=humongous(starts), HC=humongous(continues), CS=collection set, F=free, TAMS=top-at-mark-start, PB=parsable bottom

Card table byte_map: [0x000002a0a9b30000,0x000002a0aa310000] _byte_map_base: 0x000002a0a630c000

Marking Bits: (CMBitMap*) 0x000002a0967b1ea0
 Bits: [0x000002a0aa310000, 0x000002a0ae1f0000)

GC Heap History (0 events):
No events

Dll operation events (1 events):
Event: 0.009 Loaded shared library C:\Program Files\Android\Android Studio1\jbr\bin\java.dll

Deoptimization events (0 events):
No events

Classes loaded (0 events):
No events

Classes unloaded (0 events):
No events

Classes redefined (0 events):
No events

Internal exceptions (0 events):
No events

ZGC Phase Switch (0 events):
No events

VM Operations (0 events):
No events

Memory protections (0 events):
No events

Nmethod flushes (0 events):
No events

Events (0 events):
No events


Dynamic libraries:
0x00007ff6b1eb0000 - 0x00007ff6b1eba000 	C:\Program Files\Android\Android Studio1\jbr\bin\java.exe
0x00007fffcc260000 - 0x00007fffcc4c7000 	C:\WINDOWS\SYSTEM32\ntdll.dll
0x00007fffcada0000 - 0x00007fffcae69000 	C:\WINDOWS\System32\KERNEL32.DLL
0x00007fffc97b0000 - 0x00007fffc9ba4000 	C:\WINDOWS\System32\KERNELBASE.dll
0x00007fffc9660000 - 0x00007fffc97ab000 	C:\WINDOWS\System32\ucrtbase.dll
0x00007fffa8dc0000 - 0x00007fffa8dd8000 	C:\Program Files\Android\Android Studio1\jbr\bin\jli.dll
0x00007fffcb1f0000 - 0x00007fffcb3b5000 	C:\WINDOWS\System32\USER32.dll
0x00007fffc8c60000 - 0x00007fffc8c87000 	C:\WINDOWS\System32\win32u.dll
0x00007fffcb4d0000 - 0x00007fffcb4fb000 	C:\WINDOWS\System32\GDI32.dll
0x00007fffc8b30000 - 0x00007fffc8c5b000 	C:\WINDOWS\System32\gdi32full.dll
0x00007fffc8d40000 - 0x00007fffc8de3000 	C:\WINDOWS\System32\msvcp_win.dll
0x00007fff9cfd0000 - 0x00007fff9d263000 	C:\WINDOWS\WinSxS\amd64_microsoft.windows.common-controls_6595b64144ccf1df_6.0.26100.8115_none_3e075c82e3354f9c\COMCTL32.dll
0x00007fffc2ba0000 - 0x00007fffc2bbb000 	C:\Program Files\Android\Android Studio1\jbr\bin\VCRUNTIME140.dll
0x00007fffcb420000 - 0x00007fffcb4c9000 	C:\WINDOWS\System32\msvcrt.dll
0x00007fffca510000 - 0x00007fffca542000 	C:\WINDOWS\System32\IMM32.DLL
0x00007fffc2b80000 - 0x00007fffc2b8c000 	C:\Program Files\Android\Android Studio1\jbr\bin\vcruntime140_1.dll
0x00007fffa6f60000 - 0x00007fffa6fed000 	C:\Program Files\Android\Android Studio1\jbr\bin\msvcp140.dll
0x00007fff277c0000 - 0x00007fff28456000 	C:\Program Files\Android\Android Studio1\jbr\bin\server\jvm.dll
0x00007fffcaff0000 - 0x00007fffcb0a6000 	C:\WINDOWS\System32\ADVAPI32.dll
0x00007fffca610000 - 0x00007fffca6b7000 	C:\WINDOWS\System32\sechost.dll
0x00007fffcaec0000 - 0x00007fffcafd8000 	C:\WINDOWS\System32\RPCRT4.dll
0x00007fffca6c0000 - 0x00007fffca740000 	C:\WINDOWS\System32\WS2_32.dll
0x00007fffc7730000 - 0x00007fffc778e000 	C:\WINDOWS\SYSTEM32\POWRPROF.dll
0x00007fffb3bf0000 - 0x00007fffb3c26000 	C:\WINDOWS\SYSTEM32\WINMM.dll
0x00007fffbb890000 - 0x00007fffbb89b000 	C:\WINDOWS\SYSTEM32\VERSION.dll
0x00007fffc7710000 - 0x00007fffc7724000 	C:\WINDOWS\SYSTEM32\UMPDC.dll
0x00007fffc79e0000 - 0x00007fffc79fb000 	C:\WINDOWS\SYSTEM32\kernel.appcore.dll
0x00007fffc2b70000 - 0x00007fffc2b7a000 	C:\Program Files\Android\Android Studio1\jbr\bin\jimage.dll
0x00007fffc66a0000 - 0x00007fffc68e2000 	C:\WINDOWS\SYSTEM32\DBGHELP.DLL
0x00007fffc9ff0000 - 0x00007fffca372000 	C:\WINDOWS\System32\combase.dll
0x00007fffcab20000 - 0x00007fffcabf8000 	C:\WINDOWS\System32\OLEAUT32.dll
0x00007fff9a2d0000 - 0x00007fff9a30b000 	C:\WINDOWS\SYSTEM32\dbgcore.DLL
0x00007fffc8c90000 - 0x00007fffc8d35000 	C:\WINDOWS\System32\bcryptPrimitives.dll
0x00007fffc2b50000 - 0x00007fffc2b70000 	C:\Program Files\Android\Android Studio1\jbr\bin\java.dll

JVMTI agents: none

dbghelp: loaded successfully - version: 4.0.5 - missing functions: none
symbol engine: initialized successfully - sym options: 0x614 - pdb path: .;C:\Program Files\Android\Android Studio1\jbr\bin;C:\WINDOWS\SYSTEM32;C:\WINDOWS\WinSxS\amd64_microsoft.windows.common-controls_6595b64144ccf1df_6.0.26100.8115_none_3e075c82e3354f9c;C:\Program Files\Android\Android Studio1\jbr\bin\server

VM Arguments:
java_command: git4idea.http.GitAskPassApp Password for 'https://kexinooi@github.com': 
java_class_path (initial): C:/Program Files/Android/Android Studio1/plugins/vcs-git/lib/git4idea-rt.jar;C:/Program Files/Android/Android Studio1/lib/externalProcess-rt.jar
Launcher Type: SUN_STANDARD

[Global flags]
     intx CICompilerCount                          = 12                                        {product} {ergonomic}
     uint ConcGCThreads                            = 4                                         {product} {ergonomic}
     uint G1ConcRefinementThreads                  = 15                                        {product} {ergonomic}
   size_t G1HeapRegionSize                         = 2097152                                   {product} {ergonomic}
    uintx GCDrainStackTargetSize                   = 64                                        {product} {ergonomic}
   size_t InitialHeapSize                          = 264241152                                 {product} {ergonomic}
   size_t MarkStackSize                            = 4194304                                   {product} {ergonomic}
   size_t MaxHeapSize                              = 4219469824                                {product} {ergonomic}
   size_t MinHeapDeltaBytes                        = 2097152                                   {product} {ergonomic}
   size_t MinHeapSize                              = 8388608                                   {product} {ergonomic}
    uintx NonNMethodCodeHeapSize                   = 7602480                                {pd product} {ergonomic}
    uintx NonProfiledCodeHeapSize                  = 122027880                              {pd product} {ergonomic}
    uintx ProfiledCodeHeapSize                     = 122027880                              {pd product} {ergonomic}
    uintx ReservedCodeCacheSize                    = 251658240                              {pd product} {ergonomic}
     bool SegmentedCodeCache                       = true                                      {product} {ergonomic}
   size_t SoftMaxHeapSize                          = 4219469824                             {manageable} {ergonomic}
     bool UseCompressedOops                        = true                           {product lp64_product} {ergonomic}
     bool UseG1GC                                  = true                                      {product} {ergonomic}
     bool UseLargePagesIndividualAllocation        = false                                  {pd product} {ergonomic}

Logging:
Log output configuration:
 #0: stdout all=warning uptime,level,tags foldmultilines=false
 #1: stderr all=off uptime,level,tags foldmultilines=false

Release file:
<release file has not been read>
Environment Variables:
JAVA_HOME=C:\Program Files\Java\jdk-17
PATH=C:\Program Files\Git\mingw64\libexec\git-core;C:\Program Files\Git\mingw64\libexec\git-core;C:\Program Files\Git\mingw64\bin;C:\Program Files\Git\usr\bin;C:\Users\ooike\bin;C:\Program Files (x86)\Common Files\Oracle\Java\java8path;C:\Program Files (x86)\Common Files\Oracle\Java\javapath;C:\WINDOWS;C:\WINDOWS\System32\Wbem;C:\WINDOWS\System32\WindowsPowerShell\v1.0;C:\WINDOWS\System32\OpenSSH;C:\Program Files (x86)\NVIDIA Corporation\PhysX\Common;C:\Program Files\NVIDIA Corporation\NVIDIA NvDLISR;C:\Program Files\Java\jdk-17\bin;C:\Program Files (x86)\Windows Kits\10\Windows Performance Toolkit;C:\Users\ooike\nodejs\node_modules\npm\bin;C:\Users\ooike\nodejs;C:\Program Files\MySQL\MySQL Server 9.3\bin;C:\Program Files\Git\cmd;C:\Android\Sdk\cmdline-tools\latest\bin;C:\Android\Sdk\platform-tools;C:\node;C:\ffmpeg-2025-11-10-git-133a0bcb13-essentials_build\bin;C:\ProgramData\chocolatey\bin;C:\Users\ooike\AppData\Local\Programs\Eclipse Adoptium\jdk-21.0.7.6-hotspot\bin;C:\Users\ooike\AppData\Local\Programs\Python\Python310\Scripts;C:\Users\ooike\AppData\Local\Programs\Python\Python310;C:\Users\ooike\AppData\Local\Programs\Python\Launcher;C:\Users\ooike\OneDrive\Desktop\flutter\bin;C:\Users\ooike\AppData\Local\Temp\MicrosoftEdgeDownloads\b69422ea-3547-4af7-b226-1be4a64ec846\jdk-23.0.2\bin;C:\app\ooike\product\21c\dbhomeXE\bin;C:\WINDOWS\system32;C:\Users\ooike\AppData\Local\Microsoft\WindowsApps;D:\Microsoft VS Code\bin;C:\Users\ooike\AppData\Local\Temp\MicrosoftEdgeDownloads\b69422ea-3547-4af7-b226-1be4a64ec846\jdk-23.0.2\bin;C:\Program Files\Java\jdk-17\bin;C:\Users\ooike\AppData\Local\Microsoft\WinGet\Packages\Schniz.fnm_Microsoft.Winget.Source_8wekyb3d8bbwe;C:\Android\Sdk\tools;C:\Android\Sdk\tools\bin;C:\Users\ooike\AppData\Roaming\npm;C:\Android\Sdk\emulator;C:\Android\Sdk\system-images\android-30\google_apis\x86;C:\Users\ooike\AppData\Local\Google\Cloud SDK\google-cloud-sdk\bin;C:\tools\dart-sdk\bin;C:\Users\ooike\AppData\Local\Pub\Cache\bin;C:\tools\dart-sdk;C:\flutter\bin
USERNAME=ooike
DISPLAY=:0.0
LC_ALL=en_US.UTF-8
TERM=xterm-256color
TMPDIR=C:\Users\ooike\AppData\Local\Temp
OS=Windows_NT
PROCESSOR_IDENTIFIER=Intel64 Family 6 Model 183 Stepping 1, GenuineIntel
TMP=C:\Users\ooike\AppData\Local\Temp
TEMP=C:\Users\ooike\AppData\Local\Temp




Periodic native trim disabled

JNI global refs:
JNI global refs: 0, weak refs: 0

JNI global refs memory usage: 0, weak refs: 0

Process memory usage:
Resident Set Size: 13208K (0% of 16474168K total physical memory with 2169528K free physical memory)

OOME stack traces (most recent first):
Classloader memory used:

---------------  S Y S T E M  ---------------

OS:
 Windows 11 , 64 bit Build 26100 (10.0.26100.8246)
OS uptime: 2 days 0:26 hours
Hyper-V role detected

CPU: total 20 (initial active 20) (10 cores per cpu, 2 threads per core) family 6 model 183 stepping 1 microcode 0x120, cx8, cmov, fxsr, ht, mmx, 3dnowpref, sse, sse2, sse3, ssse3, sse4.1, sse4.2, popcnt, lzcnt, tsc, tscinvbit, avx, avx2, aes, erms, clmul, bmi1, bmi2, adx, sha, fma, vzeroupper, clflush, clflushopt, clwb, hv, serialize, rdtscp, rdpid, fsrm, f16c, cet_ibt, cet_ss
Processor Information for processor 0
  Max Mhz: 2600, Current Mhz: 2600, Mhz Limit: 2600
Processor Information for processor 1
  Max Mhz: 2600, Current Mhz: 1496, Mhz Limit: 2600
Processor Information for processor 2
  Max Mhz: 2600, Current Mhz: 2600, Mhz Limit: 2600
Processor Information for processor 3
  Max Mhz: 2600, Current Mhz: 2600, Mhz Limit: 2600
Processor Information for processor 4
  Max Mhz: 2600, Current Mhz: 1496, Mhz Limit: 2600
Processor Information for processor 5
  Max Mhz: 2600, Current Mhz: 1496, Mhz Limit: 2600
Processor Information for processor 6
  Max Mhz: 2600, Current Mhz: 2600, Mhz Limit: 2600
Processor Information for processor 7
  Max Mhz: 2600, Current Mhz: 2600, Mhz Limit: 2600
Processor Information for processor 8
  Max Mhz: 2600, Current Mhz: 2600, Mhz Limit: 2600
Processor Information for processor 9
  Max Mhz: 2600, Current Mhz: 2600, Mhz Limit: 2600
Processor Information for processor 10
  Max Mhz: 2600, Current Mhz: 2600, Mhz Limit: 2600
Processor Information for processor 11
  Max Mhz: 2600, Current Mhz: 2600, Mhz Limit: 2600
Processor Information for processor 12
  Max Mhz: 2600, Current Mhz: 2600, Mhz Limit: 2600
Processor Information for processor 13
  Max Mhz: 2600, Current Mhz: 2600, Mhz Limit: 2600
Processor Information for processor 14
  Max Mhz: 2600, Current Mhz: 1505, Mhz Limit: 2600
Processor Information for processor 15
  Max Mhz: 2600, Current Mhz: 1505, Mhz Limit: 2600
Processor Information for processor 16
  Max Mhz: 2600, Current Mhz: 1505, Mhz Limit: 2600
Processor Information for processor 17
  Max Mhz: 2600, Current Mhz: 1505, Mhz Limit: 2600
Processor Information for processor 18
  Max Mhz: 2600, Current Mhz: 1505, Mhz Limit: 2600
Processor Information for processor 19
  Max Mhz: 2600, Current Mhz: 1505, Mhz Limit: 2600

Memory: 4k page, system-wide physical 16088M (2118M free)
TotalPageFile size 24280M (AvailPageFile size 108M)
current process WorkingSet (physical memory assigned to process): 12M, peak: 12M
current process commit charge ("private bytes"): 75M, peak: 327M

vm_info: OpenJDK 64-Bit Server VM (21.0.9+-14649483-b1163.86) for windows-amd64 JRE (21.0.9+-14649483-b1163.86), built on 2025-12-30T22:08:35Z by "builder" with MS VC++ 16.10 / 16.11 (VS2019)

END.
