#
# There is insufficient memory for the Java Runtime Environment to continue.
# Native memory allocation (mmap) failed to map 264241152 bytes. Error detail: G1 virtual space
# Possible reasons:
#   The system is out of physical RAM or swap space
#   This process is running with CompressedOops enabled, and the Java Heap may be blocking the growth of the native heap
# Possible solutions:
#   Reduce memory load on the system
#   Increase physical memory or swap space
#   Check if swap backing store is full
#   Decrease Java heap size (-Xmx/-Xms)
#   Decrease number of Java threads
#   Decrease Java thread stack sizes (-Xss)
#   Set larger code cache with -XX:ReservedCodeCacheSize=
#   JVM is running with Zero Based Compressed Oops mode in which the Java heap is
#     placed in the first 32GB address space. The Java Heap base address is the
#     maximum limit for the native heap growth. Please use -XX:HeapBaseMinAddress
#     to set the Java Heap base and to place the Java Heap above 32GB virtual address.
# This output file may be truncated or incomplete.
#
#  Out of Memory Error (os_windows.cpp:3925), pid=30468, tid=41772
#
# JRE version:  (21.0.9) (build )
# Java VM: OpenJDK 64-Bit Server VM (21.0.9+-14649483-b1163.86, mixed mode, sharing, tiered, compressed oops, compressed class ptrs, g1 gc, windows-amd64)
# No core dump will be written. Minidumps are not enabled by default on client versions of Windows
#

---------------  S U M M A R Y ------------

Command Line: git4idea.http.GitAskPassApp Password for 'https://kexinooi@github.com': 

Host: Intel(R) Core(TM) i5-14500HX, 20 cores, 15G,  Windows 11 , 64 bit Build 26100 (10.0.26100.8246)
Time: Sat Apr 18 10:01:52 2026 Malay Peninsula Standard Time elapsed time: 0.012321 seconds (0d 0h 0m 0s)

---------------  T H R E A D  ---------------

Current thread (0x000002a5b5188e60):  JavaThread "Unknown thread" [_thread_in_vm, id=41772, stack(0x000000ff48100000,0x000000ff48200000) (1024K)]

Stack: [0x000000ff48100000,0x000000ff48200000]
Native frames: (J=compiled Java code, j=interpreted, Vv=VM code, C=native code)
V  [jvm.dll+0x6d6c99]
V  [jvm.dll+0x866b83]
V  [jvm.dll+0x86919e]
V  [jvm.dll+0x869883]
V  [jvm.dll+0x280776]
V  [jvm.dll+0x6d3555]
V  [jvm.dll+0x6c6bea]
V  [jvm.dll+0x3587fb]
V  [jvm.dll+0x360476]
V  [jvm.dll+0x3b2646]
V  [jvm.dll+0x3b2918]
V  [jvm.dll+0x32af0c]
V  [jvm.dll+0x32bbfb]
V  [jvm.dll+0x82e839]
V  [jvm.dll+0x3bf818]
V  [jvm.dll+0x8179d8]
V  [jvm.dll+0x453cbe]
V  [jvm.dll+0x455421]
C  [jli.dll+0x52ab]
C  [ucrtbase.dll+0x37b0]
C  [KERNEL32.DLL+0x2e8d7]
C  [ntdll.dll+0x8c3fc]


---------------  P R O C E S S  ---------------

Threads class SMR info:
_java_thread_list=0x00007ff95258b988, length=0, elements={
}

Java Threads: ( => current thread )
Total: 0

Other Threads:
  0x000002a5b7663470 WorkerThread "GC Thread#0"                     [id=9552, stack(0x000000ff48200000,0x000000ff48300000) (1024K)]
  0x000002a5b7674d20 ConcurrentGCThread "G1 Main Marker"            [id=42968, stack(0x000000ff48300000,0x000000ff48400000) (1024K)]
  0x000002a5b7675730 WorkerThread "G1 Conc#0"                       [id=46636, stack(0x000000ff48400000,0x000000ff48500000) (1024K)]

[error occurred during error reporting (printing all threads), id 0xc0000005, EXCEPTION_ACCESS_VIOLATION (0xc0000005) at pc=0x00007ff951d7dee7]
VM state: not at safepoint (not fully initialized)

VM Mutex/Monitor currently owned by a thread:  ([mutex/lock_event])
[0x00007ff9525f8790] Heap_lock - owner thread: 0x000002a5b5188e60

Heap address: 0x0000000704800000, size: 4024 MB, Compressed Oops mode: Zero based, Oop shift amount: 3

CDS archive(s) mapped at: [0x0000000000000000-0x0000000000000000-0x0000000000000000), size 0, SharedBaseAddress: 0x0000000800000000, ArchiveRelocationMode: 1.
Narrow klass base: 0x0000000000000000, Narrow klass shift: 0, Narrow klass range: 0x0

GC Precious Log:
 CardTable entry size: 512
 Card Set container configuration: InlinePtr #cards 4 size 8 Array Of Cards #cards 16 size 48 Howl #buckets 8 coarsen threshold 3686 Howl Bitmap #cards 512 size 80 coarsen threshold 460 Card regions per heap region 1 cards per card region 4096

Heap:
 garbage-first heap   total 0K, used 0K [0x0000000704800000, 0x0000000800000000)
  region size 2048K, 0 young (0K), 0 survivors (0K)
 Metaspace       used 0K, committed 0K, reserved 0K
  class space    used 0K, committed 0K, reserved 0K

Heap Regions: E=young(eden), S=young(survivor), O=old, HS=humongous(starts), HC=humongous(continues), CS=collection set, F=free, TAMS=top-at-mark-start, PB=parsable bottom

Card table byte_map: [0x000002a5ca9e0000,0x000002a5cb1c0000] _byte_map_base: 0x000002a5c71bc000

Marking Bits: (CMBitMap*) 0x000002a5b7663a80
 Bits: [0x000002a5cb1c0000, 0x000002a5cf0a0000)

GC Heap History (0 events):
No events

Dll operation events (1 events):
Event: 0.008 Loaded shared library C:\Program Files\Android\Android Studio1\jbr\bin\java.dll

Deoptimization events (0 events):
No events

Classes loaded (0 events):
No events

Classes unloaded (0 events):
No events

Classes redefined (0 events):
No events

Internal exceptions (0 events):
No events

ZGC Phase Switch (0 events):
No events

VM Operations (0 events):
No events

Memory protections (0 events):
No events

Nmethod flushes (0 events):
No events

Events (0 events):
No events


Dynamic libraries:
0x00007ff7e3330000 - 0x00007ff7e333a000 	C:\Program Files\Android\Android Studio1\jbr\bin\java.exe
0x00007ffa18100000 - 0x00007ffa18367000 	C:\WINDOWS\SYSTEM32\ntdll.dll
0x00007ffa16550000 - 0x00007ffa16619000 	C:\WINDOWS\System32\KERNEL32.DLL
0x00007ffa150b0000 - 0x00007ffa154a4000 	C:\WINDOWS\System32\KERNELBASE.dll
0x00007ffa14a90000 - 0x00007ffa14bdb000 	C:\WINDOWS\System32\ucrtbase.dll
0x00007ff9c3850000 - 0x00007ff9c3868000 	C:\Program Files\Android\Android Studio1\jbr\bin\jli.dll
0x00007ffa17e60000 - 0x00007ffa18025000 	C:\WINDOWS\System32\USER32.dll
0x00007ff9ca0f0000 - 0x00007ff9ca10b000 	C:\Program Files\Android\Android Studio1\jbr\bin\VCRUNTIME140.dll
0x00007ffa154b0000 - 0x00007ffa154d7000 	C:\WINDOWS\System32\win32u.dll
0x00007ffa167e0000 - 0x00007ffa1680b000 	C:\WINDOWS\System32\GDI32.dll
0x00007ff9f0060000 - 0x00007ff9f02f3000 	C:\WINDOWS\WinSxS\amd64_microsoft.windows.common-controls_6595b64144ccf1df_6.0.26100.8115_none_3e075c82e3354f9c\COMCTL32.dll
0x00007ffa14e10000 - 0x00007ffa14f3b000 	C:\WINDOWS\System32\gdi32full.dll
0x00007ffa17570000 - 0x00007ffa17619000 	C:\WINDOWS\System32\msvcrt.dll
0x00007ffa14be0000 - 0x00007ffa14c83000 	C:\WINDOWS\System32\msvcp_win.dll
0x00007ffa17910000 - 0x00007ffa17942000 	C:\WINDOWS\System32\IMM32.DLL
0x00007ffa02f00000 - 0x00007ffa02f0c000 	C:\Program Files\Android\Android Studio1\jbr\bin\vcruntime140_1.dll
0x00007ff9811a0000 - 0x00007ff98122d000 	C:\Program Files\Android\Android Studio1\jbr\bin\msvcp140.dll
0x00007ff951a40000 - 0x00007ff9526d6000 	C:\Program Files\Android\Android Studio1\jbr\bin\server\jvm.dll
0x00007ffa16a30000 - 0x00007ffa16ae6000 	C:\WINDOWS\System32\ADVAPI32.dll
0x00007ffa16980000 - 0x00007ffa16a27000 	C:\WINDOWS\System32\sechost.dll
0x00007ffa166c0000 - 0x00007ffa167d8000 	C:\WINDOWS\System32\RPCRT4.dll
0x00007ffa17880000 - 0x00007ffa17900000 	C:\WINDOWS\System32\WS2_32.dll
0x00007ffa135d0000 - 0x00007ffa1362e000 	C:\WINDOWS\SYSTEM32\POWRPROF.dll
0x00007ff9ff4a0000 - 0x00007ff9ff4d6000 	C:\WINDOWS\SYSTEM32\WINMM.dll
0x00007ffa0a1b0000 - 0x00007ffa0a1bb000 	C:\WINDOWS\SYSTEM32\VERSION.dll
0x00007ffa135b0000 - 0x00007ffa135c4000 	C:\WINDOWS\SYSTEM32\UMPDC.dll
0x00007ffa13880000 - 0x00007ffa1389b000 	C:\WINDOWS\SYSTEM32\kernel.appcore.dll
0x00007ffa01e50000 - 0x00007ffa01e5a000 	C:\Program Files\Android\Android Studio1\jbr\bin\jimage.dll
0x00007ffa12440000 - 0x00007ffa12682000 	C:\WINDOWS\SYSTEM32\DBGHELP.DLL
0x00007ffa15f50000 - 0x00007ffa162d2000 	C:\WINDOWS\System32\combase.dll
0x00007ffa17270000 - 0x00007ffa17348000 	C:\WINDOWS\System32\OLEAUT32.dll
0x00007ff9def00000 - 0x00007ff9def3b000 	C:\WINDOWS\SYSTEM32\dbgcore.DLL
0x00007ffa154e0000 - 0x00007ffa15585000 	C:\WINDOWS\System32\bcryptPrimitives.dll
0x00007ff9c9f60000 - 0x00007ff9c9f80000 	C:\Program Files\Android\Android Studio1\jbr\bin\java.dll

JVMTI agents: none

dbghelp: loaded successfully - version: 4.0.5 - missing functions: none
symbol engine: initialized successfully - sym options: 0x614 - pdb path: .;C:\Program Files\Android\Android Studio1\jbr\bin;C:\WINDOWS\SYSTEM32;C:\WINDOWS\WinSxS\amd64_microsoft.windows.common-controls_6595b64144ccf1df_6.0.26100.8115_none_3e075c82e3354f9c;C:\Program Files\Android\Android Studio1\jbr\bin\server

VM Arguments:
java_command: git4idea.http.GitAskPassApp Password for 'https://kexinooi@github.com': 
java_class_path (initial): C:/Program Files/Android/Android Studio1/plugins/vcs-git/lib/git4idea-rt.jar;C:/Program Files/Android/Android Studio1/lib/externalProcess-rt.jar
Launcher Type: SUN_STANDARD

[Global flags]
     intx CICompilerCount                          = 12                                        {product} {ergonomic}
     uint ConcGCThreads                            = 4                                         {product} {ergonomic}
     uint G1ConcRefinementThreads                  = 15                                        {product} {ergonomic}
   size_t G1HeapRegionSize                         = 2097152                                   {product} {ergonomic}
    uintx GCDrainStackTargetSize                   = 64                                        {product} {ergonomic}
   size_t InitialHeapSize                          = 264241152                                 {product} {ergonomic}
   size_t MarkStackSize                            = 4194304                                   {product} {ergonomic}
   size_t MaxHeapSize                              = 4219469824                                {product} {ergonomic}
   size_t MinHeapDeltaBytes                        = 2097152                                   {product} {ergonomic}
   size_t MinHeapSize                              = 8388608                                   {product} {ergonomic}
    uintx NonNMethodCodeHeapSize                   = 7602480                                {pd product} {ergonomic}
    uintx NonProfiledCodeHeapSize                  = 122027880                              {pd product} {ergonomic}
    uintx ProfiledCodeHeapSize                     = 122027880                              {pd product} {ergonomic}
    uintx ReservedCodeCacheSize                    = 251658240                              {pd product} {ergonomic}
     bool SegmentedCodeCache                       = true                                      {product} {ergonomic}
   size_t SoftMaxHeapSize                          = 4219469824                             {manageable} {ergonomic}
     bool UseCompressedOops                        = true                           {product lp64_product} {ergonomic}
     bool UseG1GC                                  = true                                      {product} {ergonomic}
     bool UseLargePagesIndividualAllocation        = false                                  {pd product} {ergonomic}

Logging:
Log output configuration:
 #0: stdout all=warning uptime,level,tags foldmultilines=false
 #1: stderr all=off uptime,level,tags foldmultilines=false

Release file:
<release file has not been read>
Environment Variables:
JAVA_HOME=C:\Program Files\Java\jdk-17
PATH=C:\Program Files\Git\mingw64\libexec\git-core;C:\Program Files\Git\mingw64\libexec\git-core;C:\Program Files\Git\mingw64\bin;C:\Program Files\Git\usr\bin;C:\Users\ooike\bin;C:\Program Files (x86)\Common Files\Oracle\Java\java8path;C:\Program Files (x86)\Common Files\Oracle\Java\javapath;C:\WINDOWS;C:\WINDOWS\System32\Wbem;C:\WINDOWS\System32\WindowsPowerShell\v1.0;C:\WINDOWS\System32\OpenSSH;C:\Program Files (x86)\NVIDIA Corporation\PhysX\Common;C:\Program Files\NVIDIA Corporation\NVIDIA NvDLISR;C:\Program Files\Java\jdk-17\bin;C:\Program Files (x86)\Windows Kits\10\Windows Performance Toolkit;C:\Users\ooike\nodejs\node_modules\npm\bin;C:\Users\ooike\nodejs;C:\Program Files\MySQL\MySQL Server 9.3\bin;C:\Program Files\Git\cmd;C:\Android\Sdk\cmdline-tools\latest\bin;C:\Android\Sdk\platform-tools;C:\node;C:\ffmpeg-2025-11-10-git-133a0bcb13-essentials_build\bin;C:\ProgramData\chocolatey\bin;C:\Users\ooike\AppData\Local\Programs\Eclipse Adoptium\jdk-21.0.7.6-hotspot\bin;C:\Users\ooike\AppData\Local\Programs\Python\Python310\Scripts;C:\Users\ooike\AppData\Local\Programs\Python\Python310;C:\Users\ooike\AppData\Local\Programs\Python\Launcher;C:\Users\ooike\OneDrive\Desktop\flutter\bin;C:\Users\ooike\AppData\Local\Temp\MicrosoftEdgeDownloads\b69422ea-3547-4af7-b226-1be4a64ec846\jdk-23.0.2\bin;C:\app\ooike\product\21c\dbhomeXE\bin;C:\WINDOWS\system32;C:\Users\ooike\AppData\Local\Microsoft\WindowsApps;D:\Microsoft VS Code\bin;C:\Users\ooike\AppData\Local\Temp\MicrosoftEdgeDownloads\b69422ea-3547-4af7-b226-1be4a64ec846\jdk-23.0.2\bin;C:\Program Files\Java\jdk-17\bin;C:\Users\ooike\AppData\Local\Microsoft\WinGet\Packages\Schniz.fnm_Microsoft.Winget.Source_8wekyb3d8bbwe;C:\Android\Sdk\tools;C:\Android\Sdk\tools\bin;C:\Users\ooike\AppData\Roaming\npm;C:\Android\Sdk\emulator;C:\Android\Sdk\system-images\android-30\google_apis\x86;C:\Users\ooike\AppData\Local\Google\Cloud SDK\google-cloud-sdk\bin;C:\tools\dart-sdk\bin;C:\Users\ooike\AppData\Local\Pub\Cache\bin;C:\tools\dart-sdk;C:\flutter\bin
USERNAME=ooike
DISPLAY=:0.0
LC_ALL=en_US.UTF-8
TERM=xterm-256color
TMPDIR=C:\Users\ooike\AppData\Local\Temp
OS=Windows_NT
PROCESSOR_IDENTIFIER=Intel64 Family 6 Model 183 Stepping 1, GenuineIntel
TMP=C:\Users\ooike\AppData\Local\Temp
TEMP=C:\Users\ooike\AppData\Local\Temp




Periodic native trim disabled

JNI global refs:
JNI global refs: 0, weak refs: 0

JNI global refs memory usage: 0, weak refs: 0

Process memory usage:
Resident Set Size: 13256K (0% of 16474168K total physical memory with 640068K free physical memory)

OOME stack traces (most recent first):
Classloader memory used:

---------------  S Y S T E M  ---------------

OS:
 Windows 11 , 64 bit Build 26100 (10.0.26100.8246)
OS uptime: 1 days 19:31 hours
Hyper-V role detected

CPU: total 20 (initial active 20) (10 cores per cpu, 2 threads per core) family 6 model 183 stepping 1 microcode 0x120, cx8, cmov, fxsr, ht, mmx, 3dnowpref, sse, sse2, sse3, ssse3, sse4.1, sse4.2, popcnt, lzcnt, tsc, tscinvbit, avx, avx2, aes, erms, clmul, bmi1, bmi2, adx, sha, fma, vzeroupper, clflush, clflushopt, clwb, hv, serialize, rdtscp, rdpid, fsrm, f16c, cet_ibt, cet_ss
Processor Information for processor 0
  Max Mhz: 2600, Current Mhz: 2600, Mhz Limit: 2600
Processor Information for processor 1
  Max Mhz: 2600, Current Mhz: 2600, Mhz Limit: 2600
Processor Information for processor 2
  Max Mhz: 2600, Current Mhz: 2600, Mhz Limit: 2600
Processor Information for processor 3
  Max Mhz: 2600, Current Mhz: 1496, Mhz Limit: 2600
Processor Information for processor 4
  Max Mhz: 2600, Current Mhz: 2600, Mhz Limit: 2600
Processor Information for processor 5
  Max Mhz: 2600, Current Mhz: 2600, Mhz Limit: 2600
Processor Information for processor 6
  Max Mhz: 2600, Current Mhz: 2600, Mhz Limit: 2600
Processor Information for processor 7
  Max Mhz: 2600, Current Mhz: 2600, Mhz Limit: 2600
Processor Information for processor 8
  Max Mhz: 2600, Current Mhz: 1496, Mhz Limit: 2600
Processor Information for processor 9
  Max Mhz: 2600, Current Mhz: 2600, Mhz Limit: 2600
Processor Information for processor 10
  Max Mhz: 2600, Current Mhz: 1496, Mhz Limit: 2600
Processor Information for processor 11
  Max Mhz: 2600, Current Mhz: 2600, Mhz Limit: 2600
Processor Information for processor 12
  Max Mhz: 2600, Current Mhz: 2600, Mhz Limit: 2600
Processor Information for processor 13
  Max Mhz: 2600, Current Mhz: 2600, Mhz Limit: 2600
Processor Information for processor 14
  Max Mhz: 2600, Current Mhz: 2600, Mhz Limit: 2600
Processor Information for processor 15
  Max Mhz: 2600, Current Mhz: 2600, Mhz Limit: 2600
Processor Information for processor 16
  Max Mhz: 2600, Current Mhz: 2600, Mhz Limit: 2600
Processor Information for processor 17
  Max Mhz: 2600, Current Mhz: 2600, Mhz Limit: 2600
Processor Information for processor 18
  Max Mhz: 2600, Current Mhz: 2600, Mhz Limit: 2600
Processor Information for processor 19
  Max Mhz: 2600, Current Mhz: 1505, Mhz Limit: 2600

Memory: 4k page, system-wide physical 16088M (625M free)
TotalPageFile size 24227M (AvailPageFile size 185M)
current process WorkingSet (physical memory assigned to process): 12M, peak: 12M
current process commit charge ("private bytes"): 75M, peak: 327M

vm_info: OpenJDK 64-Bit Server VM (21.0.9+-14649483-b1163.86) for windows-amd64 JRE (21.0.9+-14649483-b1163.86), built on 2025-12-30T22:08:35Z by "builder" with MS VC++ 16.10 / 16.11 (VS2019)

END.
